C51 COMPILER V9.01   DRV_KEY_IO                                                            01/31/2019 11:34:20 PAGE 1   


C51 COMPILER V9.01, COMPILATION OF MODULE DRV_KEY_IO
OBJECT MODULE PLACED IN .\Drv_KEY_IO.obj
COMPILER INVOKED BY: C:\Keil\C51\BIN\C51.EXE ..\C_Source\S1_HardDrv\V9811A_MCU\Drv_KEY_IO.c LARGE WARNINGLEVEL(1) BROWSE
                    - INCDIR(..\C_Source\S0_System;..\C_Source\S1_HardDrv;..\C_Source\S2_MyLib;..\C_Source\S3_ApiPlat;..\C_Source\S4_ApiUser;
                    -..\C_Source\S5_ApiProtocol;..\C_Source\S6_MyIncludes;..\C_Source\S1_HardDrv\V9811A_EMU;..\C_Source\S1_HardDrv\V9811A_MCU
                    -;..\C_Source\S1_HardDrv\E2P_24CXXX) DEBUG OBJECTEXTEND PRINT(.\Drv_KEY_IO.lst) OBJECT(.\Drv_KEY_IO.obj)

line level    source

   1          /*
   2          *****************Copyright (c)*************************************
   3          **      Hangzhou Xili Watthour Meter Manufacture Co., Ltd. 
   4          **--------------file info--------------------------------------------
   5          **name                  : Drv_KEY_IO.c
   6          **Author                : maji
   7          **date                  : 2016-04-20 
   8          **description   : MCU KEYL类似内核模块的硬件驱动C代码
   9          **note                  : V9811A ，MERTER FOR DL03C
  10          **--------------------Version History -------------------------------------
  11          ** NO. Date         Ver      By         Description 
  12          **==============================================================
  13          ** 1   2016-04-26   v01.00   sosomj     1. frist version                             
  14          **
  15          **==============================================================
  16          */
  17          
  18          #include <MyIncludes_H.h>
  19          
  20          
  21          /*******************************************************************************************
  22          ** 函数名称: Judge_PRO_key
  23          ** 函数描述: 判断编程清零口电平状态
  24          ** 输入参数: =TRUE 编程口短接有效；=FALSE 编程口未短接
  25          ** 输出参数: 无 
  26          ** 说明    : 短接电平为0，未短接为1
  27          *******************************************************************************************/
  28          uint8 Judge_PRO_key(void)
  29          {
  30   1              uint8 i;
  31   1      
  32   1              KEY_PROG_INITLIZE();
  33   1              for(i=0;i<10;i++)
  34   1              {
  35   2                      if(KEY_READ_PROG != FALSE)   break;
  36   2              }
  37   1      
  38   1              if(i>7)
  39   1              {
  40   2                      return (TRUE); 
  41   2              }
  42   1              else
  43   1              {
  44   2                      return(FALSE);
  45   2              }
  46   1                             
  47   1      }                  
  48          
  49          
  50          uint8 Judge_ERR_COVER_key(void)
  51          {
  52   1              uint8 i;
C51 COMPILER V9.01   DRV_KEY_IO                                                            01/31/2019 11:34:20 PAGE 2   

  53   1        KEY_ERR_COVER_INITLIZE() ;    
  54   1              Lib_Delay_ms(2);
  55   1              for(i=0;i<10;i++)
  56   1              {
  57   2                      if(KEY_READ_ERR_COVER != FALSE)   break;
  58   2              }
  59   1      
  60   1              if(i>7)
  61   1              {
  62   2                      
  63   2                      return (TRUE); 
  64   2              }
  65   1              else
  66   1              {                       
  67   2                      return(FALSE);
  68   2              }
  69   1                             
  70   1      } 
  71          
  72          
  73          /*******************************************************************************************
  74          ** 函数名称: Judge_DIS_key
  75          ** 函数描述: 判断显示口电平状态
  76          ** 输入参数: =TRUE 按键按下有效；=FALSE 按键按下无效
  77          ** 输出参数: 无 
  78          ** 说明    : 短接电平为0，未短接为1
  79          *******************************************************************************************/
  80          uint8 Judge_DIS_key(void)
  81          {
  82   1              uint8 i;
  83   1      
  84   1              //KEY_DIS_INITLIZE();
  85   1              for(i=0;i<10;i++)
  86   1              {
  87   2                      if(KEY_READ_DIS() != FALSE)   break;
  88   2              }
  89   1      
  90   1              if(i>7)
  91   1              {
  92   2                      return (TRUE); 
  93   2              }
  94   1              else
  95   1              {
  96   2                      return(FALSE);
  97   2              }
  98   1                             
  99   1      }                  
 100          
 101          
 102          /*******************************************************************************************
 103          ** 函数名称: Judge_ERR_ADJ_key
 104          ** 函数描述: 判断硬件校表短接点电平状态
 105          ** 输入参数: =TRUE 短接有效；=FALSE 未短接
 106          ** 输出参数: 无 
 107          ** 说明    : 短接电平为0，未短接为1
 108          *******************************************************************************************/
 109          uint8 Judge_ERR_ADJ_key(void)
 110          {
 111   1              uint8 i;
 112   1      
 113   1              KEY_ERR_ADJ_INITLIZE();
 114   1              for(i=0;i<10;i++)
C51 COMPILER V9.01   DRV_KEY_IO                                                            01/31/2019 11:34:20 PAGE 3   

 115   1              {
 116   2                      if(KEY_READ_ERR_ADJ != FALSE)   break;
 117   2              }
 118   1      
 119   1              if(i>7)
 120   1              {
 121   2                      return (TRUE); 
 122   2              }
 123   1              else
 124   1              {
 125   2                      return(FALSE);
 126   2              }
 127   1                             
 128   1      }                  
 129          
 130          
 131          /*******************************************************************************************
 132          **    END
 133          *******************************************************************************************/


MODULE INFORMATION:   STATIC OVERLAYABLE
   CODE SIZE        =    129    ----
   CONSTANT SIZE    =   ----    ----
   XDATA SIZE       =   ----    ----
   PDATA SIZE       =   ----    ----
   DATA SIZE        =   ----    ----
   IDATA SIZE       =   ----    ----
   BIT SIZE         =   ----    ----
END OF MODULE INFORMATION.


C51 COMPILATION COMPLETE.  0 WARNING(S),  0 ERROR(S)
