C51 COMPILER V9.01   DRV_GPIO                                                              01/31/2019 11:34:20 PAGE 1   


C51 COMPILER V9.01, COMPILATION OF MODULE DRV_GPIO
OBJECT MODULE PLACED IN .\Drv_GPIO.obj
COMPILER INVOKED BY: C:\Keil\C51\BIN\C51.EXE ..\C_Source\S1_HardDrv\V9811A_MCU\Drv_GPIO.c LARGE WARNINGLEVEL(1) BROWSE I
                    -NCDIR(..\C_Source\S0_System;..\C_Source\S1_HardDrv;..\C_Source\S2_MyLib;..\C_Source\S3_ApiPlat;..\C_Source\S4_ApiUser;..
                    -\C_Source\S5_ApiProtocol;..\C_Source\S6_MyIncludes;..\C_Source\S1_HardDrv\V9811A_EMU;..\C_Source\S1_HardDrv\V9811A_MCU;.
                    -.\C_Source\S1_HardDrv\E2P_24CXXX) DEBUG OBJECTEXTEND PRINT(.\Drv_GPIO.lst) OBJECT(.\Drv_GPIO.obj)

line level    source

   1          /*
   2          *****************Copyright (c)*************************************
   3          **      Hangzhou Xili Watthour Meter Manufacture Co., Ltd. 
   4          **--------------file info--------------------------------------------
   5          **name                  : Drv_GPIO.c
   6          **Author                : maji
   7          **date                  : 2016-04-20 
   8          **description   : GPIO模块的硬件驱动C代码
   9          **note                  : V9811A ，MERTER FOR DL03C
  10          **--------------------Version History -------------------------------------
  11          ** NO. Date         Ver      By         Description 
  12          **==============================================================
  13          ** 1   2016-04-26   v01.00   sosomj     1. frist version                             
  14          **
  15          **==============================================================
  16          */
  17          
  18          #include <MyIncludes_H.h>
  19          
  20          
  21          
  22          /*******************************************************************************************
  23          ** 函数名称: Init_GPIO_run
  24          ** 函数描述: 配置GPIO功能（正常运行模式下）
  25          ** 输入参数: 无
  26          ** 输出参数: 无 
  27          ** 说明    : 
  28          *******************************************************************************************/
  29          void Init_GPIO_run(void)                  
  30          {
  31   1          // P0 port  [0:3]  use for debug////JTAG
  32   1          P0OE&=(~(BIT0+BIT1+BIT2+BIT3)); //JTAG 输出 0
  33   1          P0OD&=(~(BIT0+BIT1+BIT2+BIT3));
  34   1      
  35   1          //P9FC = PIN_CFLED;    //CF1 FUNCTION ENABLE ,OTHER IS GPIO FUNCTION //
  36   1          CFLED_CLOSE();
  37   1      
  38   1          UART4_INITLIZE_OFF();
  39   1          UART2_INITLIZE_OFF();
  40   1          LED_BG_OFF();
  41   1          KEY_ERR_ADJ_INITLIZE();
  42   1          KEY_PROG_INITLIZE();
  43   1          KEY_DIS_INITLIZE();
  44   1          I2C_PORT_INITLIZE();
  45   1      
  46   1      
  47   1      }
  48          
  49          /*******************************************************************************************
  50          ** 函数名称: Init_GPIO_sleep
  51          ** 函数描述: 配置GPIO功能（低功耗运行模式下）
  52          ** 输入参数: 无
C51 COMPILER V9.01   DRV_GPIO                                                              01/31/2019 11:34:20 PAGE 2   

  53          ** 输出参数: 无 
  54          ** 说明    : 
  55          *******************************************************************************************/
  56          void Init_GPIO_sleep(void)                  
  57          {
  58   1          P0OE=0XFF;
  59   1          P0IE=0;
  60   1          P1OE=0XFF;  
  61   1          P1IE=0 ;
  62   1          P2OE=0XFF;
  63   1          P2IE=0;     
  64   1          P3OE=0XFF;
  65   1          P3IE=0;
  66   1          P4OE=0XFF;  
  67   1          P4IE=0;
  68   1          P5OE=0XFF;
  69   1          P5IE=0;
  70   1          P6OE=0XFF;     
  71   1          P6IE=0;
  72   1          P7OE=0XFF;
  73   1          P7IE=0;
  74   1          P8OE=0XFF;     
  75   1          P8IE=0;
  76   1       
  77   1          CFLED_CLOSE();  
  78   1          P9OE=0XFF;     
  79   1          P9IE=0;
  80   1      
  81   1          KEY_DIS_INITLIZE();
  82   1                      
  83   1      }
  84          
  85          
  86          
  87          /*******************************************************************************************
  88          **    END
  89          *******************************************************************************************/


MODULE INFORMATION:   STATIC OVERLAYABLE
   CODE SIZE        =    305    ----
   CONSTANT SIZE    =   ----    ----
   XDATA SIZE       =   ----    ----
   PDATA SIZE       =   ----    ----
   DATA SIZE        =   ----    ----
   IDATA SIZE       =   ----    ----
   BIT SIZE         =   ----    ----
END OF MODULE INFORMATION.


C51 COMPILATION COMPLETE.  0 WARNING(S),  0 ERROR(S)
