C51 COMPILER V9.01   DRV_EMU_HARD                                                          01/31/2019 11:34:18 PAGE 1   


C51 COMPILER V9.01, COMPILATION OF MODULE DRV_EMU_HARD
OBJECT MODULE PLACED IN .\Drv_EMU_hard.obj
COMPILER INVOKED BY: C:\Keil\C51\BIN\C51.EXE ..\C_Source\S1_HardDrv\V9811A_EMU\Drv_EMU_hard.c LARGE WARNINGLEVEL(1) BROW
                    -SE INCDIR(..\C_Source\S0_System;..\C_Source\S1_HardDrv;..\C_Source\S2_MyLib;..\C_Source\S3_ApiPlat;..\C_Source\S4_ApiUse
                    -r;..\C_Source\S5_ApiProtocol;..\C_Source\S6_MyIncludes;..\C_Source\S1_HardDrv\V9811A_EMU;..\C_Source\S1_HardDrv\V9811A_M
                    -CU;..\C_Source\S1_HardDrv\E2P_24CXXX) DEBUG OBJECTEXTEND PRINT(.\Drv_EMU_hard.lst) OBJECT(.\Drv_EMU_hard.obj)

line level    source

   1          /*
   2          *****************Copyright (c)*************************************
   3          **      Hangzhou Xili Watthour Meter Manufacture Co., Ltd. 
   4          **--------------file info--------------------------------------------
   5          **name                  : Drv_EMU_hard.c
   6          **Author                : maji
   7          **date                  : 2016-04-20 
   8          **description   : V9811A的EMU计量模块硬件底层驱动C代码
   9          **note                  : V9811A ，MERTER FOR DL03C
  10          **--------------------Version History -------------------------------------
  11          ** NO. Date         Ver      By         Description 
  12          **==============================================================
  13          ** 1   2016-04-26   v01.00   sosomj     1. frist version                             
  14          **
  15          **==============================================================
  16          */
  17          
  18          #include <MyIncludes_H.h>
  19          
  20          
  21          /*******************************************************************************************
  22          ** 函数名称: SetMeterCfgACK
  23          ** 函数描述: 双口ram设置，使用ACK信号
  24          ** 输入参数: u32PMdatal 数据
  25          **                      : addr  地址
  26          ** 输出参数: FALSE 设置失败；TRUE 设置成功;
  27          ** 说明    : 
  28          *******************************************************************************************/
  29          INT8U SetMeterCfgACK(unsigned long u32PMdatal ,unsigned int addr)
  30          {
  31   1          unsigned char  index;
  32   1          index=0;
  33   1              
  34   1          XBYTE[INVD]=0XCC;
  35   1          XBYTE[INVD]=0x00;
  36   1          while(XBYTE[ACK])
  37   1           {
  38   2             index++;
  39   2                 if(index>CFGDELAY)
  40   2                      {
  41   3                        return FALSE  ;
  42   3                      }
  43   2           }
  44   1         XBYTE[BUFF0]=(INT8U)(u32PMdatal&0xff);
  45   1         XBYTE[BUFF1]=(INT8U)((u32PMdatal>>8)&(0xff));
  46   1         XBYTE[BUFF2]=(INT8U)((u32PMdatal>>16)&(0xff));
  47   1         XBYTE[BUFF3]=(INT8U)((u32PMdatal>>24)&(0xff));
  48   1         XBYTE[addr]=0;//向真正的地址写入0，启动缓冲输入到真正的地址
  49   1        for(index=0;index<CFGDELAY;index++)
  50   1              _nop_();
  51   1         index=0;
  52   1         while(XBYTE[ACK])
C51 COMPILER V9.01   DRV_EMU_HARD                                                          01/31/2019 11:34:18 PAGE 2   

  53   1            {
  54   2                index++;
  55   2                if(index>CFGDELAY)
  56   2                       return FALSE   ;
  57   2            }
  58   1          
  59   1        return TRUE;  
  60   1      }
  61          
  62          
  63          /*******************************************************************************************
  64          ** 函数名称: ReadMeterParaACK
  65          ** 函数描述: 双口ram设置，使用ACK信号
  66          ** 输入参数: u32PMdatal 数据
  67          **                      : addr  地址
  68          ** 输出参数: FALSE 设置失败；TRUE 设置成功;
  69          ** 说明    : 
  70          *******************************************************************************************/
  71          uint32 ReadMeterParaACK(uint16 addr)
  72          {
  73   1          uint8 data index;
  74   1          uint32  u32PMdatal,temp;
  75   1      
  76   1          XBYTE[INVD]=0XCC;
  77   1          XBYTE[INVD]=0x00;
  78   1          index=0;
  79   1          while(XBYTE[ACK])
  80   1          {
  81   2              index++;
  82   2              if(index>CFGDELAY)
  83   2              {
  84   3              return FALSE;
  85   3              }
  86   2          }
  87   1      
  88   1          index=XBYTE[addr];//读取真实地址，加载数据到缓冲//
  89   1          for(index=0;index<CFGDELAY;index++)
  90   1          _nop_();
  91   1          index=0;
  92   1          while(XBYTE[ACK])
  93   1          {
  94   2              index++;
  95   2              if(index>CFGDELAY)
  96   2              {
  97   3              return FALSE;
  98   3              }
  99   2          }
 100   1          u32PMdatal=(INT32U)XBYTE[BUFF0];
 101   1          temp=(INT32U)XBYTE[BUFF1]<<8;
 102   1          u32PMdatal+= temp;
 103   1          temp=(INT32U)XBYTE[BUFF2];
 104   1          temp=temp<<16;
 105   1          u32PMdatal+=temp;
 106   1          temp=(INT32U)XBYTE[BUFF3];
 107   1          temp=temp<<24;
 108   1          u32PMdatal+=temp;
 109   1          return u32PMdatal;
 110   1               
 111   1      }
 112          
 113          
 114          /*******************************************************************************************
C51 COMPILER V9.01   DRV_EMU_HARD                                                          01/31/2019 11:34:18 PAGE 3   

 115          **    END
 116          *******************************************************************************************/


MODULE INFORMATION:   STATIC OVERLAYABLE
   CODE SIZE        =    489    ----
   CONSTANT SIZE    =   ----    ----
   XDATA SIZE       =   ----      14
   PDATA SIZE       =   ----    ----
   DATA SIZE        =   ----       1
   IDATA SIZE       =   ----    ----
   BIT SIZE         =   ----    ----
END OF MODULE INFORMATION.


C51 COMPILATION COMPLETE.  0 WARNING(S),  0 ERROR(S)
