C51 COMPILER V9.01   IEC62056_21                                                           01/31/2019 11:34:29 PAGE 1   


C51 COMPILER V9.01, COMPILATION OF MODULE IEC62056_21
OBJECT MODULE PLACED IN .\IEC62056_21.obj
COMPILER INVOKED BY: C:\Keil\C51\BIN\C51.EXE ..\C_Source\S5_ApiProtocol\IEC62056_21.c LARGE WARNINGLEVEL(1) BROWSE INCDI
                    -R(..\C_Source\S0_System;..\C_Source\S1_HardDrv;..\C_Source\S2_MyLib;..\C_Source\S3_ApiPlat;..\C_Source\S4_ApiUser;..\C_S
                    -ource\S5_ApiProtocol;..\C_Source\S6_MyIncludes;..\C_Source\S1_HardDrv\V9811A_EMU;..\C_Source\S1_HardDrv\V9811A_MCU;..\C_
                    -Source\S1_HardDrv\E2P_24CXXX) DEBUG OBJECTEXTEND PRINT(.\IEC62056_21.lst) OBJECT(.\IEC62056_21.obj)

line level    source

   1          /*
   2          *****************Copyright (c)*************************************
   3          **      Hangzhou Xili Watthour Meter Manufacture Co., Ltd. 
   4          **--------------file info--------------------------------------------
   5          **name                  : IEC62056_21.c
   6          **Author                : maji
   7          **date                  : 2016-04-21 
   8          **description   : IEC62056-21通讯协议相关函数程序C文件
   9          **note                  : 通用程序
  10          **--------------------Version History -------------------------------------
  11          ** NO. Date         Ver      By         Description 
  12          **==============================================================
  13          ** 1   2016-04-21   v01.00   sosomj     1. frist version                             
  14          **
  15          **==============================================================
  16          */
  17          
  18          
  19          #include <MyIncludes_H.h>
  20          
  21          
  22          
  23          
  24          //-------------------------------------------------------------------------------//
  25          //  Function:             void dl645_data_encrypt(INT8U* sptr,INT8U len )
  26          //  Description:          DL645的数据域加密函数
  27          //  Parameters:          unsigned char* sptr: 需要加密数据的首地址
  28          //                            INT8U len:   需要加密数据的长度
  29          //  Returns:               无
  30          //  Others:                1适用于DL/T645-1997/2007
  31          //                            2 
  32          //  author:                 sosomj         2009.02.16      V01.00
  33          //-------------------------------------------------------------------------------//
  34          INT8U IEC_Comm_Request_Cmd_Judge(INT8U* sptr,INT8U len,INT8U* id_ptr,INT8U meter_id_lenth)
  35          {
  36   1       INT8U i;
  37   1      
  38   1           if(len == IEC_START_LENTH05 )
  39   1           {
  40   2               if( (*(sptr+0)) !=  '/' )    return FALSE;
  41   2                if( (*(sptr+1)) !=  '?' )     return FALSE;
  42   2                if( (*(sptr+2)) !=  '!' )     return FALSE;
  43   2                if( (*(sptr+3)) !=  CR )     return FALSE;
  44   2              if( (*(sptr+4)) !=  LF )     return FALSE;
  45   2                return TRUE;
  46   2           }
  47   1               else
  48   1               {
  49   2                      if( (*(sptr+0)) !=  '/' )    return FALSE;
  50   2                      if( (*(sptr+1)) !=  '?' )     return FALSE;
  51   2                      for(i=0;i<meter_id_lenth;i++)           //表号对比
  52   2                      {
C51 COMPILER V9.01   IEC62056_21                                                           01/31/2019 11:34:29 PAGE 2   

  53   3                              if( (*(sptr+2+i)) !=  (*(id_ptr+i) ))    
  54   3                              {
  55   4                                      return FALSE;
  56   4                              }
  57   3                      }
  58   2                      if( (*(sptr+2+meter_id_lenth)) !=  '!' )                return FALSE;
  59   2                      if( (*(sptr+3+meter_id_lenth)) !=  CR )         return FALSE;
  60   2                      if( (*(sptr+4+meter_id_lenth)) !=       LF )            return FALSE;
  61   2      
  62   2                      return TRUE;
  63   2               }
  64   1      
  65   1           return FALSE;       
  66   1               
  67   1      }
  68          
  69          
  70          
  71          //-------------------------------------------------------------------------------//
  72          //  Function:             void dl645_data_encrypt(INT8U* sptr,INT8U len )
  73          //  Description:          DL645的数据域加密函数
  74          //  Parameters:          unsigned char* sptr: 需要加密数据的首地址
  75          //                            INT8U len:   需要加密数据的长度
  76          //  Returns:               无
  77          //  Others:                1适用于DL/T645-1997/2007
  78          //                            2 
  79          //  author:                 sosomj         2009.02.16      V01.00
  80          //-------------------------------------------------------------------------------//
  81          INT8U IEC_Comm_Acknowledgement_Cmd_Judge(INT8U* sptr,INT8U len)
  82          {
  83   1           if(len != 6 )  return FALSE;
  84   1      
  85   1           if( (*(sptr+0)) != ACKCOM )    return FALSE;
  86   1           if( (*(sptr+1)) !=  '0' )     return FALSE;
  87   1           if( ((*(sptr+2))  > 0x36) ||((*(sptr+2))  < 0x30))     return FALSE;   // '0' ~'6' ,300bps ~19200bps 
             -//
  88   1           if( (*(sptr+3) !=  '1' )&&(*(sptr+3) !=  '0' ))     return FALSE;
  89   1           if( (*(sptr+4)) !=  CR )     return FALSE;
  90   1           if( (*(sptr+5)) !=  LF )     return FALSE;
  91   1      
  92   1           return TRUE;
  93   1               
  94   1      }
  95          
  96          
  97          //-------------------------------------------------------------------------------//
  98          //  Function:             INT8U IEC_Comm_Command_Cmd_Judge(INT8U* sptr,INT8U len)
  99          //  Description:          IEC的操作命令解析函数
 100          //  Parameters:          unsigned char* sptr: 通讯缓存区首地址
 101          //                            INT8U len:   有效数据长度
 102          //  Returns:               成功 or 失败
 103          //  Others:                1
 104          //                            2 
 105          //  author:                 sosomj         
 106          //-------------------------------------------------------------------------------//
 107          INT8U IEC_Comm_Command_Cmd_Judge(INT8U* sptr,INT8U len)
 108          {
 109   1       INT8U  u8_a[9];
 110   1      
 111   1           if( (*(sptr+0)) != SOH)         return FALSE;
 112   1           if( (*(sptr+len-2)) != ETX)    return FALSE;
 113   1      
C51 COMPILER V9.01   IEC62056_21                                                           01/31/2019 11:34:29 PAGE 3   

 114   1           if( (*(sptr+len-1)) != Get_Bcc_Chk(sptr, 1, len-2))    return FALSE;
 115   1      
 116   1      
 117   1              u8_a[0] =*(sptr+1);
 118   1               u8_a[1] =*(sptr+2);
 119   1               u8_a[2] =*(sptr+3);
 120   1               u8_a[3] =*(sptr+4);
 121   1               u8_a[4] =*(sptr+5);
 122   1               u8_a[5] =*(sptr+6);
 123   1               u8_a[6] =*(sptr+7);
 124   1               u8_a[7] =*(sptr+8);
 125   1               u8_a[8] =*(sptr+9);
 126   1               
 127   1           switch(*(sptr+1))
 128   1           {
 129   2               case 'P' :                      //  密码指令 //
 130   2                       return(IEC_Cmd_Password_Deal(sptr));
 131   2                       break;
 132   2      
 133   2               case 'R' :                    // 读指令 //
 134   2                    return(IEC_Cmd_Read_Deal(sptr));
 135   2                       break;         
 136   2      
 137   2               case 'W' :                   //  写指令 //
 138   2                    return(IEC_Cmd_Write_Deal(sptr,len));
 139   2                       break; 
 140   2                       
 141   2               
 142   2               case 'B' :                   //  终止指令 //
 143   2                    //return(IEC_Cmd_Break_Deal(sptr));
 144   2                    gs_uart_iec_app_var[g_ch_comm].err_flg |= FRAME_ERROR;   //终止数据帧不应答，直接复位所有层 
             - //        
 145   2                    return FALSE;
 146   2                       break; 
 147   2      
 148   2               //case 'E' :                   //  执行指令 //
 149   2              //              return(IEC_Execute_Deal(sptr));
 150   2              //       break; 
 151   2      
 152   2               default:
 153   2                       gs_uart_iec_app_var[g_ch_comm].err_flg |= FRAME_ERROR;   //帧错误，需要复位  //        
 154   2                    return FALSE;
 155   2                       break; 
 156   2                       
 157   2           }
 158   1               
 159   1           return TRUE;
 160   1               
 161   1      }
 162          
 163                  
 164          //-------------------------------------------------------------------------------//
 165          //  Function:            void Get_Start_Cmd_Answer(INT8U* sptr,INT8U len,INT8U* info_ptr)
 166          //  Description:           起始握手命名成功应答数据处理
 167          //  Parameters:          INT8U* sptr : 回复帧首地址
 168          //                            INT8U len  :表计INFO数据长度
 169          //                            INT8U* info_ptr: 表计INFO数据首地址
 170          //  Returns:               无
 171          //  Others:                1
 172          //                            2 
 173          //  author:                 sosomj         2009.02.16      V01.00
 174          //-------------------------------------------------------------------------------//
C51 COMPILER V9.01   IEC62056_21                                                           01/31/2019 11:34:29 PAGE 4   

 175          void Get_IEC_Comm_Request_Cmd_Answer(INT8U* sptr,INT8U len,INT8U* info_ptr)
 176          {
 177   1        INT8U i;
 178   1        
 179   1            (*(sptr+0)) =  '/' ;
 180   1                      
 181   1            for(i=0;i<len;i++)
 182   1            {
 183   2                 (*(sptr+i+1)) =   (*(info_ptr+i));  
 184   2            }
 185   1                
 186   1            *(sptr+1+len)=  CR ;   
 187   1            *(sptr+1+len+1) =  LF;
 188   1               
 189   1      }
 190          
 191          //-------------------------------------------------------------------------------//
 192          //  Function:            void Get_IEC_Comm_Operand_Answer(INT8U* sptr,INT8U len,INT8U* info_ptr)
 193          //  Description:           起始握手命名成功应答数据处理
 194          //  Parameters:          INT8U* sptr : 回复帧首地址
 195          //                            INT8U len  :表计INFO数据长度
 196          //                            INT8U* info_ptr: 表计INFO数据首地址
 197          //  Returns:               无
 198          //  Others:                1
 199          //                            2 
 200          //  author:                 sosomj         2009.02.16      V01.00
 201          //-------------------------------------------------------------------------------//
 202          void Get_IEC_Comm_Operand_Answer(INT8U* sptr,INT8U len,INT8U* info_ptr)
 203          {
 204   1        INT8U i;
 205   1        
 206   1            (*(sptr+0)) =  SOH;
 207   1              (*(sptr+1)) =  'P' ;      
 208   1              (*(sptr+2)) =  '0' ;
 209   1              (*(sptr+3)) =  STX;  
 210   1                      
 211   1            for(i=0;i<len;i++)
 212   1            {
 213   2                 (*(sptr+i+4)) =   (*(info_ptr+i));  
 214   2            }
 215   1                
 216   1            *(sptr+len+4)=  ETX;   
 217   1            *(sptr+len+5) =  Get_Bcc_Chk(sptr,1, (len+4));    // BCC check get //
 218   1               
 219   1      }
 220          
 221          
 222          //-------------------------------------------------------------------------------//
 223          //  Function:             void Get_Error_Answer(INT8U* sptr)
 224          //  Description:          
 225          //  Parameters:          unsigned char* sptr: 需要加密数据的首地址
 226          //                            
 227          //  Returns:               无
 228          //  Others:                1
 229          //                            2 
 230          //  author:                 sosomj         
 231          //-------------------------------------------------------------------------------//
 232          void Get_Error_Answer(INT8U* sptr)
 233          {
 234   1            (*(sptr+0)) =  NAK;
 235   1      }
 236          
C51 COMPILER V9.01   IEC62056_21                                                           01/31/2019 11:34:29 PAGE 5   

 237          
 238          
 239          //-------------------------------------------------------------------------------//
 240          //  Function:             void Get_ACK_Answer(INT8U* sptr)
 241          //  Description:          
 242          //  Parameters:          unsigned char* sptr: 需要加密数据的首地址
 243          //                            
 244          //  Returns:               无
 245          //  Others:                1
 246          //                            2 
 247          //  author:                 sosomj         
 248          //-------------------------------------------------------------------------------//
 249          void Get_ACK_Answer(INT8U* sptr)
 250          {
 251   1            (*(sptr+0)) = ACKCOM;
 252   1      }
 253          
 254          
 255          //-------------------------------------------------------------------------------//
 256          //  Function:             INT8U Get_Bcc_Chk(INT8U* yourBuf, INT8U StartID, INT8U EndID)
 257          //  Description:          IEC 规约的BCC校验
 258          //  Parameters:          INT8U* yourBuf  通讯缓存数组首地址
 259          //                            
 260          //  Returns:               无
 261          //  Others:                1适用于DL/T645-1997/2007
 262          //                            2 
 263          //  author:                 sosomj         2009.02.16      V01.00
 264          //-------------------------------------------------------------------------------//
 265          INT8U Get_Bcc_Chk(INT8U* yourBuf, INT8U StartID, INT8U EndID)
 266          {
 267   1          INT8U i;
 268   1          INT8U tmp;
 269   1      
 270   1          tmp=0x00;
 271   1          for(i=StartID;i<=EndID;i++)
 272   1          {
 273   2              tmp ^= *(yourBuf+i);
 274   2          }
 275   1          return tmp;
 276   1      }
 277          
 278          
 279          
 280          
 281          
 282          
 283          /***************************************************************
 284          *    END
 285          ****************************************************************/
 286          


MODULE INFORMATION:   STATIC OVERLAYABLE
   CODE SIZE        =   1109    ----
   CONSTANT SIZE    =   ----    ----
   XDATA SIZE       =   ----      40
   PDATA SIZE       =   ----    ----
   DATA SIZE        =   ----    ----
   IDATA SIZE       =   ----    ----
   BIT SIZE         =   ----    ----
END OF MODULE INFORMATION.


C51 COMPILATION COMPLETE.  0 WARNING(S),  0 ERROR(S)
