C51 COMPILER V9.01   MAIN                                                                  01/31/2019 11:34:13 PAGE 1   


C51 COMPILER V9.01, COMPILATION OF MODULE MAIN
OBJECT MODULE PLACED IN .\main.obj
COMPILER INVOKED BY: C:\Keil\C51\BIN\C51.EXE ..\C_Source\S0_System\main.c LARGE WARNINGLEVEL(1) BROWSE INCDIR(..\C_Sourc
                    -e\S0_System;..\C_Source\S1_HardDrv;..\C_Source\S2_MyLib;..\C_Source\S3_ApiPlat;..\C_Source\S4_ApiUser;..\C_Source\S5_Api
                    -Protocol;..\C_Source\S6_MyIncludes;..\C_Source\S1_HardDrv\V9811A_EMU;..\C_Source\S1_HardDrv\V9811A_MCU;..\C_Source\S1_Ha
                    -rdDrv\E2P_24CXXX) DEBUG OBJECTEXTEND PRINT(.\main.lst) OBJECT(.\main.obj)

line level    source

   1          /*
   2          *****************Copyright (c)*************************************
   3          **      Hangzhou Xili Watthour Meter Manufacture Co., Ltd. 
   4          **--------------file info--------------------------------------------
   5          **name          : main.c
   6          **Author                : maji
   7          **date           : 2016-04-20
   8          **description   : main 主程序C文件
   9          **note                  : V9811A ，MERTER FOR DL03C
  10          **--------------------Version History -------------------------------------
  11          ** NO. Date         Ver      By         Description 
  12          **==============================================================
  13          ** 1   2016-04-26   v01.00   sosomj     1. frist version                             
  14          **
  15          **==============================================================
  16          */
  17          
  18          #include <MyIncludes_H.h>
  19          
  20          uint8  debug_tmp1;
  21          
  22          /****************************************************************
  23          Function:               void main(void)   
  24          Description:            系统主函数
  25          Input:
  26          Parameters:     
  27          Returns:                                
  28          Others:         
  29          ****************************************************************/
  30          void main(void)
  31          {
  32   1          NOP();
  33   1          CLRWDT();     
  34   1          DisableINT();                               // disable interrupt function  //
  35   1          Proc_Initialize_systerm_reset();  
  36   1          EnableINT();
  37   1          NOP();
  38   1      
  39   1          while(1)
  40   1          {
  41   2              CLRWDT();   // 清看门狗//
  42   2                                     
  43   2             //系统关键数据循环检查程序 //
  44   2              Proc_Check_System_Pre_Cycle();
  45   2      
  46   2              if(gs_sys_run.back_fg&BIT0_FONT_FG_10MS)
  47   2              {
  48   3                  gs_sys_run.back_fg &= ~BIT0_FONT_FG_10MS;
  49   3                  Proc_handl_tou_10ms();
  50   3              }
  51   2      
  52   2              if(gs_sys_run.back_fg&BIT1_BACK_FG_RTC)
C51 COMPILER V9.01   MAIN                                                                  01/31/2019 11:34:13 PAGE 2   

  53   2              {
  54   3                  gs_sys_run.back_fg &= ~BIT1_BACK_FG_RTC;
  55   3                  Proc_handl_tou_1s();
  56   3              }
  57   2      
  58   2       /*       if(gs_sys_run.back_fg&BIT2_BACK_DIS_KEY)
  59   2              {
  60   2                  gs_sys_run.back_fg &= ~BIT2_BACK_DIS_KEY;
  61   2                  api_handl_dis_key();
  62   2                  api_updated_LCDDisplayPixel_per_second();
  63   2              }
  64   2      */        
  65   2               // 上电状态下的电源管理处理  //   
  66   2             Proc_judge_Power_down_process();      
  67   2      
  68   2          }
  69   1      
  70   1      }
  71          
  72          
  73          
  74          
  75          /***************************************************************
  76          *    END
  77          ****************************************************************/
  78          


MODULE INFORMATION:   STATIC OVERLAYABLE
   CODE SIZE        =     73    ----
   CONSTANT SIZE    =   ----    ----
   XDATA SIZE       =      1    ----
   PDATA SIZE       =   ----    ----
   DATA SIZE        =   ----    ----
   IDATA SIZE       =   ----    ----
   BIT SIZE         =   ----    ----
END OF MODULE INFORMATION.


C51 COMPILATION COMPLETE.  0 WARNING(S),  0 ERROR(S)
