C51 COMPILER V9.01   PROC_SYSTEM_CHECK                                                     01/31/2019 11:34:14 PAGE 1   


C51 COMPILER V9.01, COMPILATION OF MODULE PROC_SYSTEM_CHECK
OBJECT MODULE PLACED IN .\Proc_System_Check.obj
COMPILER INVOKED BY: C:\Keil\C51\BIN\C51.EXE ..\C_Source\S0_System\Proc_System_Check.c LARGE WARNINGLEVEL(1) BROWSE INCD
                    -IR(..\C_Source\S0_System;..\C_Source\S1_HardDrv;..\C_Source\S2_MyLib;..\C_Source\S3_ApiPlat;..\C_Source\S4_ApiUser;..\C_
                    -Source\S5_ApiProtocol;..\C_Source\S6_MyIncludes;..\C_Source\S1_HardDrv\V9811A_EMU;..\C_Source\S1_HardDrv\V9811A_MCU;..\C
                    -_Source\S1_HardDrv\E2P_24CXXX) DEBUG OBJECTEXTEND PRINT(.\Proc_System_Check.lst) OBJECT(.\Proc_System_Check.obj)

line level    source

   1          /*
   2          *****************Copyright (c)*************************************
   3          **      Hangzhou Xili Watthour Meter Manufacture Co., Ltd. 
   4          **--------------file info--------------------------------------------
   5          **name                  : Proc_System_Check.c
   6          **Author                : maji
   7          **date                  : 2016-04-20
   8          **description   : 系统主循环自检处理相关C代码
   9          **note                  : V9811A ，MERTER FOR DL03C
  10          **--------------------Version History -------------------------------------
  11          ** NO. Date         Ver      By         Description 
  12          **==============================================================
  13          ** 1   2016-04-26   v01.00   sosomj     1. frist version                             
  14          **
  15          **==============================================================
  16          */
  17          
  18          
  19          #include <MyIncludes_H.h>
  20          
  21          SYS_CKECK_VAR gs_sys_check_var;
  22          
  23          /****************************************************************
  24          Function:               void SysInitialize(void)  
  25          Description:            系统上电/复位初始化函数 
  26          Input:                  no
  27          Parameters:             no
  28          Returns:                        no                        
  29          Others:         
  30          ****************************************************************/
  31          void Proc_Check_System_Pre_Cycle(void)
  32          {
  33   1      
  34   1      
  35   1                  
  36   1      }
  37          
  38          
  39          //void Proc_Check_COVER_Pre_sec(void)
  40          //{
  41          //    if(Judge_ERR_COVER_key()==TRUE)
  42          //    {
  43          //        if(gs_sys_check_var.tmr_closeCover<3)
  44          //        {
  45          //            gs_sys_check_var.tmr_closeCover++;
  46          //            if(gs_sys_check_var.tmr_closeCover>=3)
  47          //            {
  48          ////               if((gs_sys_globaL_var.meter_factory_status !=METER_FACTORY_MARK))
  49          //                {
  50          //                   if(gs_sys_check_var.flg_openCover !=TRUE)
  51          //                   { 
  52          //                                              api_deal_even_class1_recode(ID_CLASS_II_COVER,START);
C51 COMPILER V9.01   PROC_SYSTEM_CHECK                                                     01/31/2019 11:34:14 PAGE 2   

  53          //                                              gs_sys_check_var.flg_openCover =TRUE ;   
  54          //                                                                      
  55          //                   }
  56          //                }       
  57          //            }
  58          //        } 
  59          //    } 
  60          //      else
  61          //    {
  62          //        if(gs_sys_check_var.tmr_closeCover>0)  gs_sys_check_var.tmr_proKey--;
  63          //        if(gs_sys_check_var.tmr_closeCover == 0) 
  64          //              { 
  65          //                      if(gs_sys_check_var.flg_openCover ==TRUE)
  66          //                      { 
  67          //                              api_deal_even_class1_recode(ID_CLASS_II_COVER,END );
  68          //                              gs_sys_check_var.flg_openCover =FALSE ;   
  69          //                      }       
  70          //                                      
  71          //        }      
  72          //    }
  73          //}
  74          
  75          /****************************************************************
  76          Function:               void SysInitialize(void)  
  77          Description:            系统上电/复位初始化函数 
  78          Input:                  no
  79          Parameters:             no
  80          Returns:                        no                        
  81          Others:         
  82          ****************************************************************/
  83          void Proc_Check_PROKEY_Pre_sec(void)
  84          {
  85   1       //   if((Judge_PRO_key()==TRUE) &&(Judge_ERR_ADJ_key()==TRUE))
  86   1          if((Judge_ERR_ADJ_key()==TRUE))      // 生产要求修改为1个短接点校表，mj 2016-06-14 //
  87   1          {
  88   2              if(gs_sys_check_var.tmr_proKey<3)
  89   2              {
  90   3                  gs_sys_check_var.tmr_proKey++;
  91   3                  if(gs_sys_check_var.tmr_proKey>=3)
  92   3                  {
  93   4                      if((gs_sys_globaL_var.meter_factory_status ==METER_FACTORY_MARK))
  94   4                      {
  95   5                          if(gs_sys_check_var.flg_proKey !=TRUE)
  96   5                          {
  97   6                              Hardware_AdjustDiv_Sub();
  98   6                              gs_sys_check_var.flg_proKey =TRUE ;       
  99   6                          }
 100   5                      }
 101   4                  }       
 102   3              }
 103   2          } 
 104   1          else
 105   1          {
 106   2              if(gs_sys_check_var.tmr_proKey>0)  gs_sys_check_var.tmr_proKey--;
 107   2              if(gs_sys_check_var.tmr_proKey == 0)  gs_sys_check_var.flg_proKey =FALSE;
 108   2          }      
 109   1      }
 110          
 111          /*****************************************************************************
 112          ** Function name    :Proc_init_tou_var
 113          **
 114          ** Description         :获取当前RTC 时间全局变量数据  
C51 COMPILER V9.01   PROC_SYSTEM_CHECK                                                     01/31/2019 11:34:14 PAGE 3   

 115          **
 116          ** Parameters         :NONE          
 117          **
 118          ** Returned value   :NONE
 119          **
 120          **----------------------------------------------------------------------------
 121          ** V01.01  MJ  2016-04-23
 122          ******************************************************************************/
 123          void Proc_init_Check_var(void)
 124          {
 125   1          Lib_Set_String((uint8*)&gs_sys_check_var,0,sizeof(SYS_CKECK_VAR));      
 126   1      }
 127          
 128          
 129          /*******************************************************************************************
 130          ** 函数名称: CheckPOWERUP
 131          ** 函数描述: 检测VDCIN，确定当前是否由外部电源供电
 132          ** 输入参数: 
 133          ** 输出参数: FALSE-掉电；TRUE -有市电;
 134          ** 说明    : 
 135          *******************************************************************************************/
 136          uint8 CheckPOWERUP(void)
 137          {
 138   1      uint8 i;
 139   1      
 140   1          for(i = 0; i < 30; i++)        
 141   1          {
 142   2               #if(MCU_TYPE == MCU_G80F92X)   // 中颖芯片 //
                         if((LPDCON & Bin(01000000)) == Bin(01000000) )     //bit6 :1>1.2V 
                       #endif
 145   2          
 146   2               #if(MCU_TYPE == MCU_V98XX)   // 万工芯片 //
 147   2                  if((Systate&0x03)==0x01)
 148   2               #endif
 149   2      
 150   2                    break;
 151   2          }   
 152   1              if(i < 25)
 153   1                 return TRUE;          //有电 
 154   1              else
 155   1                return FALSE;          //没电
 156   1      
 157   1      } 
 158          
 159          
 160          
 161          
 162          
 163          /***************************************************************
 164          *    END
 165          ****************************************************************/
 166          


MODULE INFORMATION:   STATIC OVERLAYABLE
   CODE SIZE        =    121    ----
   CONSTANT SIZE    =   ----    ----
   XDATA SIZE       =      5    ----
   PDATA SIZE       =   ----    ----
   DATA SIZE        =   ----    ----
   IDATA SIZE       =   ----    ----
   BIT SIZE         =   ----    ----
C51 COMPILER V9.01   PROC_SYSTEM_CHECK                                                     01/31/2019 11:34:14 PAGE 4   

END OF MODULE INFORMATION.


C51 COMPILATION COMPLETE.  0 WARNING(S),  0 ERROR(S)
